  MainScene.cpp
D:\fork\computerGraphics\MainScene.cpp(5,10): warning C4067: 전처리기 지시문 다음에 예기치 않은 토큰이 있습니다. 줄 바꿈 문자가 필요합니다.
D:\fork\computerGraphics\MainScene.cpp(145,45): warning C4244: '=': 'double'에서 'int'(으)로 변환하면서 데이터가 손실될 수 있습니다.
D:\fork\computerGraphics\MainScene.cpp(235,34): warning C4244: '인수': 'int'에서 'GLfloat'(으)로 변환하면서 데이터가 손실될 수 있습니다.
D:\fork\computerGraphics\MainScene.cpp(235,24): warning C4244: '인수': 'int'에서 'GLfloat'(으)로 변환하면서 데이터가 손실될 수 있습니다.
D:\fork\computerGraphics\MainScene.cpp(235,13): warning C4244: '인수': 'int'에서 'GLfloat'(으)로 변환하면서 데이터가 손실될 수 있습니다.
D:\fork\computerGraphics\MainScene.cpp(237,35): warning C4244: '인수': 'int'에서 'GLfloat'(으)로 변환하면서 데이터가 손실될 수 있습니다.
D:\fork\computerGraphics\MainScene.cpp(237,24): warning C4244: '인수': 'int'에서 'GLfloat'(으)로 변환하면서 데이터가 손실될 수 있습니다.
D:\fork\computerGraphics\MainScene.cpp(237,13): warning C4244: '인수': 'int'에서 'GLfloat'(으)로 변환하면서 데이터가 손실될 수 있습니다.
D:\fork\computerGraphics\MainScene.cpp(239,34): warning C4244: '인수': 'int'에서 'GLfloat'(으)로 변환하면서 데이터가 손실될 수 있습니다.
D:\fork\computerGraphics\MainScene.cpp(239,23): warning C4244: '인수': 'int'에서 'GLfloat'(으)로 변환하면서 데이터가 손실될 수 있습니다.
D:\fork\computerGraphics\MainScene.cpp(239,13): warning C4244: '인수': 'int'에서 'GLfloat'(으)로 변환하면서 데이터가 손실될 수 있습니다.
D:\fork\computerGraphics\MainScene.cpp(241,33): warning C4244: '인수': 'int'에서 'GLfloat'(으)로 변환하면서 데이터가 손실될 수 있습니다.
D:\fork\computerGraphics\MainScene.cpp(241,23): warning C4244: '인수': 'int'에서 'GLfloat'(으)로 변환하면서 데이터가 손실될 수 있습니다.
D:\fork\computerGraphics\MainScene.cpp(241,13): warning C4244: '인수': 'int'에서 'GLfloat'(으)로 변환하면서 데이터가 손실될 수 있습니다.
D:\fork\computerGraphics\MainScene.cpp(244,33): warning C4244: '인수': 'int'에서 'GLfloat'(으)로 변환하면서 데이터가 손실될 수 있습니다.
D:\fork\computerGraphics\MainScene.cpp(244,23): warning C4244: '인수': 'int'에서 'GLfloat'(으)로 변환하면서 데이터가 손실될 수 있습니다.
D:\fork\computerGraphics\MainScene.cpp(244,13): warning C4244: '인수': 'int'에서 'GLfloat'(으)로 변환하면서 데이터가 손실될 수 있습니다.
D:\fork\computerGraphics\MainScene.cpp(246,34): warning C4244: '인수': 'int'에서 'GLfloat'(으)로 변환하면서 데이터가 손실될 수 있습니다.
D:\fork\computerGraphics\MainScene.cpp(246,23): warning C4244: '인수': 'int'에서 'GLfloat'(으)로 변환하면서 데이터가 손실될 수 있습니다.
D:\fork\computerGraphics\MainScene.cpp(246,13): warning C4244: '인수': 'int'에서 'GLfloat'(으)로 변환하면서 데이터가 손실될 수 있습니다.
D:\fork\computerGraphics\MainScene.cpp(248,34): warning C4244: '인수': 'int'에서 'GLfloat'(으)로 변환하면서 데이터가 손실될 수 있습니다.
D:\fork\computerGraphics\MainScene.cpp(248,23): warning C4244: '인수': 'int'에서 'GLfloat'(으)로 변환하면서 데이터가 손실될 수 있습니다.
D:\fork\computerGraphics\MainScene.cpp(248,13): warning C4244: '인수': 'int'에서 'GLfloat'(으)로 변환하면서 데이터가 손실될 수 있습니다.
D:\fork\computerGraphics\MainScene.cpp(250,33): warning C4244: '인수': 'int'에서 'GLfloat'(으)로 변환하면서 데이터가 손실될 수 있습니다.
D:\fork\computerGraphics\MainScene.cpp(250,23): warning C4244: '인수': 'int'에서 'GLfloat'(으)로 변환하면서 데이터가 손실될 수 있습니다.
D:\fork\computerGraphics\MainScene.cpp(250,13): warning C4244: '인수': 'int'에서 'GLfloat'(으)로 변환하면서 데이터가 손실될 수 있습니다.
D:\fork\computerGraphics\MainScene.cpp(253,33): warning C4244: '인수': 'int'에서 'GLfloat'(으)로 변환하면서 데이터가 손실될 수 있습니다.
D:\fork\computerGraphics\MainScene.cpp(253,23): warning C4244: '인수': 'int'에서 'GLfloat'(으)로 변환하면서 데이터가 손실될 수 있습니다.
D:\fork\computerGraphics\MainScene.cpp(253,13): warning C4244: '인수': 'int'에서 'GLfloat'(으)로 변환하면서 데이터가 손실될 수 있습니다.
D:\fork\computerGraphics\MainScene.cpp(255,34): warning C4244: '인수': 'int'에서 'GLfloat'(으)로 변환하면서 데이터가 손실될 수 있습니다.
D:\fork\computerGraphics\MainScene.cpp(255,23): warning C4244: '인수': 'int'에서 'GLfloat'(으)로 변환하면서 데이터가 손실될 수 있습니다.
D:\fork\computerGraphics\MainScene.cpp(255,13): warning C4244: '인수': 'int'에서 'GLfloat'(으)로 변환하면서 데이터가 손실될 수 있습니다.
D:\fork\computerGraphics\MainScene.cpp(257,35): warning C4244: '인수': 'int'에서 'GLfloat'(으)로 변환하면서 데이터가 손실될 수 있습니다.
D:\fork\computerGraphics\MainScene.cpp(257,24): warning C4244: '인수': 'int'에서 'GLfloat'(으)로 변환하면서 데이터가 손실될 수 있습니다.
D:\fork\computerGraphics\MainScene.cpp(257,13): warning C4244: '인수': 'int'에서 'GLfloat'(으)로 변환하면서 데이터가 손실될 수 있습니다.
D:\fork\computerGraphics\MainScene.cpp(259,34): warning C4244: '인수': 'int'에서 'GLfloat'(으)로 변환하면서 데이터가 손실될 수 있습니다.
D:\fork\computerGraphics\MainScene.cpp(259,24): warning C4244: '인수': 'int'에서 'GLfloat'(으)로 변환하면서 데이터가 손실될 수 있습니다.
D:\fork\computerGraphics\MainScene.cpp(259,13): warning C4244: '인수': 'int'에서 'GLfloat'(으)로 변환하면서 데이터가 손실될 수 있습니다.
D:\fork\computerGraphics\MainScene.cpp(262,34): warning C4244: '인수': 'int'에서 'GLfloat'(으)로 변환하면서 데이터가 손실될 수 있습니다.
D:\fork\computerGraphics\MainScene.cpp(262,24): warning C4244: '인수': 'int'에서 'GLfloat'(으)로 변환하면서 데이터가 손실될 수 있습니다.
D:\fork\computerGraphics\MainScene.cpp(262,13): warning C4244: '인수': 'int'에서 'GLfloat'(으)로 변환하면서 데이터가 손실될 수 있습니다.
D:\fork\computerGraphics\MainScene.cpp(264,35): warning C4244: '인수': 'int'에서 'GLfloat'(으)로 변환하면서 데이터가 손실될 수 있습니다.
D:\fork\computerGraphics\MainScene.cpp(264,24): warning C4244: '인수': 'int'에서 'GLfloat'(으)로 변환하면서 데이터가 손실될 수 있습니다.
D:\fork\computerGraphics\MainScene.cpp(264,13): warning C4244: '인수': 'int'에서 'GLfloat'(으)로 변환하면서 데이터가 손실될 수 있습니다.
D:\fork\computerGraphics\MainScene.cpp(266,35): warning C4244: '인수': 'int'에서 'GLfloat'(으)로 변환하면서 데이터가 손실될 수 있습니다.
D:\fork\computerGraphics\MainScene.cpp(266,24): warning C4244: '인수': 'int'에서 'GLfloat'(으)로 변환하면서 데이터가 손실될 수 있습니다.
D:\fork\computerGraphics\MainScene.cpp(266,13): warning C4244: '인수': 'int'에서 'GLfloat'(으)로 변환하면서 데이터가 손실될 수 있습니다.
D:\fork\computerGraphics\MainScene.cpp(268,34): warning C4244: '인수': 'int'에서 'GLfloat'(으)로 변환하면서 데이터가 손실될 수 있습니다.
D:\fork\computerGraphics\MainScene.cpp(268,24): warning C4244: '인수': 'int'에서 'GLfloat'(으)로 변환하면서 데이터가 손실될 수 있습니다.
D:\fork\computerGraphics\MainScene.cpp(268,13): warning C4244: '인수': 'int'에서 'GLfloat'(으)로 변환하면서 데이터가 손실될 수 있습니다.
D:\fork\computerGraphics\MainScene.cpp(271,34): warning C4244: '인수': 'int'에서 'GLfloat'(으)로 변환하면서 데이터가 손실될 수 있습니다.
D:\fork\computerGraphics\MainScene.cpp(271,24): warning C4244: '인수': 'int'에서 'GLfloat'(으)로 변환하면서 데이터가 손실될 수 있습니다.
D:\fork\computerGraphics\MainScene.cpp(271,13): warning C4244: '인수': 'int'에서 'GLfloat'(으)로 변환하면서 데이터가 손실될 수 있습니다.
D:\fork\computerGraphics\MainScene.cpp(273,33): warning C4244: '인수': 'int'에서 'GLfloat'(으)로 변환하면서 데이터가 손실될 수 있습니다.
D:\fork\computerGraphics\MainScene.cpp(273,23): warning C4244: '인수': 'int'에서 'GLfloat'(으)로 변환하면서 데이터가 손실될 수 있습니다.
D:\fork\computerGraphics\MainScene.cpp(273,13): warning C4244: '인수': 'int'에서 'GLfloat'(으)로 변환하면서 데이터가 손실될 수 있습니다.
D:\fork\computerGraphics\MainScene.cpp(275,33): warning C4244: '인수': 'int'에서 'GLfloat'(으)로 변환하면서 데이터가 손실될 수 있습니다.
D:\fork\computerGraphics\MainScene.cpp(275,23): warning C4244: '인수': 'int'에서 'GLfloat'(으)로 변환하면서 데이터가 손실될 수 있습니다.
D:\fork\computerGraphics\MainScene.cpp(275,13): warning C4244: '인수': 'int'에서 'GLfloat'(으)로 변환하면서 데이터가 손실될 수 있습니다.
D:\fork\computerGraphics\MainScene.cpp(277,34): warning C4244: '인수': 'int'에서 'GLfloat'(으)로 변환하면서 데이터가 손실될 수 있습니다.
D:\fork\computerGraphics\MainScene.cpp(277,24): warning C4244: '인수': 'int'에서 'GLfloat'(으)로 변환하면서 데이터가 손실될 수 있습니다.
D:\fork\computerGraphics\MainScene.cpp(277,13): warning C4244: '인수': 'int'에서 'GLfloat'(으)로 변환하면서 데이터가 손실될 수 있습니다.
D:\fork\computerGraphics\MainScene.cpp(280,34): warning C4244: '인수': 'int'에서 'GLfloat'(으)로 변환하면서 데이터가 손실될 수 있습니다.
D:\fork\computerGraphics\MainScene.cpp(280,23): warning C4244: '인수': 'int'에서 'GLfloat'(으)로 변환하면서 데이터가 손실될 수 있습니다.
D:\fork\computerGraphics\MainScene.cpp(280,13): warning C4244: '인수': 'int'에서 'GLfloat'(으)로 변환하면서 데이터가 손실될 수 있습니다.
D:\fork\computerGraphics\MainScene.cpp(282,35): warning C4244: '인수': 'int'에서 'GLfloat'(으)로 변환하면서 데이터가 손실될 수 있습니다.
D:\fork\computerGraphics\MainScene.cpp(282,24): warning C4244: '인수': 'int'에서 'GLfloat'(으)로 변환하면서 데이터가 손실될 수 있습니다.
D:\fork\computerGraphics\MainScene.cpp(282,13): warning C4244: '인수': 'int'에서 'GLfloat'(으)로 변환하면서 데이터가 손실될 수 있습니다.
D:\fork\computerGraphics\MainScene.cpp(284,35): warning C4244: '인수': 'int'에서 'GLfloat'(으)로 변환하면서 데이터가 손실될 수 있습니다.
D:\fork\computerGraphics\MainScene.cpp(284,24): warning C4244: '인수': 'int'에서 'GLfloat'(으)로 변환하면서 데이터가 손실될 수 있습니다.
D:\fork\computerGraphics\MainScene.cpp(284,13): warning C4244: '인수': 'int'에서 'GLfloat'(으)로 변환하면서 데이터가 손실될 수 있습니다.
D:\fork\computerGraphics\MainScene.cpp(286,34): warning C4244: '인수': 'int'에서 'GLfloat'(으)로 변환하면서 데이터가 손실될 수 있습니다.
D:\fork\computerGraphics\MainScene.cpp(286,23): warning C4244: '인수': 'int'에서 'GLfloat'(으)로 변환하면서 데이터가 손실될 수 있습니다.
D:\fork\computerGraphics\MainScene.cpp(286,13): warning C4244: '인수': 'int'에서 'GLfloat'(으)로 변환하면서 데이터가 손실될 수 있습니다.
D:\fork\computerGraphics\MainScene.cpp(313,15): warning C4244: '초기화 중': 'double'에서 'float'(으)로 변환하면서 데이터가 손실될 수 있습니다.
D:\fork\computerGraphics\MainScene.cpp(507,45): warning C4244: '=': 'double'에서 'GLfloat'(으)로 변환하면서 데이터가 손실될 수 있습니다.
D:\fork\computerGraphics\MainScene.cpp(587,13): warning C4244: '=': 'GLint'에서 'float'(으)로 변환하면서 데이터가 손실될 수 있습니다.
D:\fork\computerGraphics\MainScene.cpp(588,13): warning C4244: '=': 'GLint'에서 'float'(으)로 변환하면서 데이터가 손실될 수 있습니다.
D:\fork\computerGraphics\MainScene.cpp(591,18): warning C4244: '=': 'int'에서 'float'(으)로 변환하면서 데이터가 손실될 수 있습니다.
D:\fork\computerGraphics\MainScene.cpp(592,18): warning C4244: '=': 'int'에서 'float'(으)로 변환하면서 데이터가 손실될 수 있습니다.
D:\fork\computerGraphics\MainScene.cpp(611,12): warning C4244: '=': 'GLint'에서 'float'(으)로 변환하면서 데이터가 손실될 수 있습니다.
D:\fork\computerGraphics\MainScene.cpp(612,12): warning C4244: '=': 'GLint'에서 'float'(으)로 변환하면서 데이터가 손실될 수 있습니다.
D:\fork\computerGraphics\MainScene.cpp(645,13): warning C4244: '=': 'int'에서 'float'(으)로 변환하면서 데이터가 손실될 수 있습니다.
D:\fork\computerGraphics\MainScene.cpp(646,13): warning C4244: '=': 'int'에서 'float'(으)로 변환하면서 데이터가 손실될 수 있습니다.
  Project58.vcxproj -> D:\fork\computerGraphics\x64\Debug\Project58.exe
